  minutnik.cpp
C:\Users\Kacper\Code\minutnik\minutnik\minutnik\minutnik.cpp(23,27): error C2143: syntax error: missing ';' before ':'
C:\Users\Kacper\Code\minutnik\minutnik\minutnik\minutnik.cpp(23,27): error C2059: syntax error: ':'
